app/build/outputs/mapping/release/seeds.txt
com.example.calmcompanion.MainActivity
com.example.calmcompanion.MainActivity: MainActivity()
...
androidx.core.view.ViewCompat$Api16Impl: void removeOnGlobalLayoutListener(android.view.ViewTreeObserver,android.view.ViewTreeObserver$OnGlobalLayoutListener)
androidx.activity.ComponentActivity$Api33Impl: android.window.OnBackInvokedDispatcher getOnBackInvokedDispatcher(android.app.Activity)
androidx.compose.ui.node.LayoutNode$UsageByParent: androidx.compose.ui.node.LayoutNode$UsageByParent[] values()
androidx.core.text.ICUCompat$Api24Impl: android.icu.util.ULocale addLikelySubtags(java.lang.Object)
androidx.core.text.TextUtilsCompat$Api17Impl: int getLayoutDirectionFromLocale(java.util.Locale)
androidx.compose.ui.autofill.AutofillApi26Helper: java.lang.CharSequence textValue(android.view.autofill.AutofillValue)
androidx.lifecycle.Lifecycle$Event: androidx.lifecycle.Lifecycle$Event[] values()
androidx.core.view.ViewCompat$Api16Impl: void postInvalidateOnAnimation(android.view.View,int,int,int,int)
androidx.compose.ui.platform.AndroidComposeView: android.view.View findViewByAccessibilityIdTraversal(int)
androidx.core.view.ViewCompat$Api28Impl: void setAccessibilityHeading(android.view.View,boolean)
androidx.compose.ui.platform.ComposeView: java.lang.CharSequence getAccessibilityClassName()
kotlinx.coroutines.channels.BufferOverflow: kotlinx.coroutines.channels.BufferOverflow valueOf(java.lang.String)
androidx.compose.ui.platform.AndroidComposeView: androidx.compose.ui.unit.LayoutDirection getLayoutDirection()
androidx.core.view.ViewCompat$Api29Impl: java.util.List getSystemGestureExclusionRects(android.view.View)
androidx.core.graphics.drawable.IconCompat$Api26Impl: android.graphics.drawable.Drawable createAdaptiveIconDrawable(android.graphics.drawable.Drawable,android.graphics.drawable.Drawable)
kotlinx.coroutines.selects.TrySelectDetailedResult: kotlinx.coroutines.selects.TrySelectDetailedResult valueOf(java.lang.String)
androidx.compose.ui.platform.RenderNodeVerificationHelper28: int getSpotShadowColor(android.view.RenderNode)
androidx.compose.ui.platform.AndroidComposeViewAccessibilityDelegateCompat$Api24Impl: void addSetProgressAction(androidx.core.view.accessibility.AccessibilityNodeInfoCompat,androidx.compose.ui.semantics.SemanticsNode)
androidx.compose.ui.autofill.AutofillApi23Helper: void setId(android.view.ViewStructure,int,java.lang.String,java.lang.String,java.lang.String)
androidx.core.graphics.drawable.IconCompatParcelizer: androidx.core.graphics.drawable.IconCompat read(androidx.versionedparcelable.VersionedParcel)
androidx.versionedparcelable.CustomVersionedParcelable: CustomVersionedParcelable()
androidx.compose.ui.platform.AndroidComposeView: void setOnViewTreeOwnersAvailable(kotlin.jvm.functions.Function1)
androidx.lifecycle.ReportFragment$LifecycleCallbacks: void onActivityStopped(android.app.Activity)
androidx.compose.ui.platform.AndroidComposeViewAccessibilityDelegateCompat$Api29Impl: void addPageActions(androidx.core.view.accessibility.AccessibilityNodeInfoCompat,androidx.compose.ui.semantics.SemanticsNode)
androidx.compose.ui.platform.coreshims.ViewCompatShims$Api29Impl: android.view.contentcapture.ContentCaptureSession getContentCaptureSession(android.view.View)
androidx.lifecycle.ProcessLifecycleOwner$attach$1: void onActivityStopped(android.app.Activity)
androidx.compose.ui.platform.AndroidComposeView: androidx.compose.ui.platform.AndroidClipboardManager getClipboardManager()
androidx.compose.ui.platform.AbstractComposeView: void setPreviousAttachedWindowToken(android.os.IBinder)
androidx.compose.ui.platform.AndroidComposeView: androidx.compose.ui.node.LayoutNodeDrawScope getSharedDrawScope()
androidx.compose.ui.platform.AbstractComposeView: boolean getShouldCreateCompositionOnAttachedToWindow()
androidx.compose.ui.platform.AndroidComposeView: androidx.compose.ui.platform.ViewConfiguration getViewConfiguration()
androidx.compose.ui.text.style.ResolvedTextDirection: androidx.compose.ui.text.style.ResolvedTextDirection[] values()