app/build/outputs/mapping/release/mapping.txt
# compiler: R8
# compiler_version: 8.10.24
# min_api: 24
# common_typos_disable
# {"id":"com.android.tools.r8.mapping","version":"2.2"}
# pg_map_id: cb86041
# pg_map_hash: SHA-256 cb8604112064ff3a9f0a5615050e8a30aef546a33a96067b8033e9fddad0d813
com.example.calmcompanion.ComposableSingletons$MainActivityKt -> H0.b:
# {"id":"sourceFile","fileName":"MainActivity.kt"}
    kotlin.jvm.functions.Function2 lambda-1 -> a
      # {"id":"com.android.tools.r8.residualsignature","signature":"Lz/a;"}
    kotlin.jvm.functions.Function2 lambda-2 -> b
      # {"id":"com.android.tools.r8.residualsignature","signature":"Lz/a;"}
    kotlin.jvm.functions.Function2 lambda-3 -> c
      # {"id":"com.android.tools.r8.residualsignature","signature":"Lz/a;"}
    1:12:void <clinit>():23:23 -> <clinit>
    13:23:void <clinit>():19:19 -> <clinit>
    24:34:void <clinit>():18:18 -> <clinit>
    35:43:void <clinit>():39:39 -> <clinit>
com.example.calmcompanion.ComposableSingletons$MainActivityKt$lambda-1$1 -> H0.a:
# {"id":"sourceFile","fileName":"MainActivity.kt"}
    int H0.ComposableSingletons$MainActivityKt$lambda-1$1.$r8$classId -> e
      # {"id":"com.android.tools.r8.synthesized"}
    com.example.calmcompanion.ComposableSingletons$MainActivityKt$lambda-1$1 INSTANCE -> f
      # {"id":"com.android.tools.r8.residualsignature","signature":"LH0/a;"}
    com.example.calmcompanion.ComposableSingletons$MainActivityKt$lambda-2$1 com.example.calmcompanion.ComposableSingletons$MainActivityKt$lambda-2$1.INSTANCE -> g
      # {"id":"com.android.tools.r8.residualsignature","signature":"LH0/a;"}
    com.example.calmcompanion.ComposableSingletons$MainActivityKt$lambda-3$1 com.example.calmcompanion.ComposableSingletons$MainActivityKt$lambda-3$1.INSTANCE -> h
      # {"id":"com.android.tools.r8.residualsignature","signature":"LH0/a;"}
    com.example.calmcompanion.ComposableSingletons$MainActivityKt$lambda-4$1 com.example.calmcompanion.ComposableSingletons$MainActivityKt$lambda-4$1.INSTANCE -> i
      # {"id":"com.android.tools.r8.residualsignature","signature":"LH0/a;"}
    5:7:void <init>():0:0 -> <clinit>
    5:7:void <clinit>():0 -> <clinit>
    5:7:void H0.ComposableSingletons$MainActivityKt$lambda-1$1.<clinit>():0 -> <clinit>
      # {"id":"com.android.tools.r8.synthesized"}
    8:9:void <clinit>():0:0 -> <clinit>
    8:9:void H0.ComposableSingletons$MainActivityKt$lambda-1$1.<clinit>():0 -> <clinit>
com.example.calmcompanion.MainActivity -> com.example.calmcompanion.MainActivity:
# {"id":"sourceFile","fileName":"MainActivity.kt"}
    1:4:void <init>():15:15 -> <init>
    1:3:void onCreate(android.os.Bundle):17:17 -> onCreate
    4:5:kotlin.jvm.functions.Function2 com.example.calmcompanion.ComposableSingletons$MainActivityKt.getLambda-3$app_release():0:0 -> onCreate
    4:5:void onCreate(android.os.Bundle):18 -> onCreate
    6:7:void onCreate(android.os.Bundle):18:18 -> onCreate
    8:18:void androidx.activity.compose.ComponentActivityKt.setContent(androidx.activity.ComponentActivity,androidx.compose.runtime.CompositionContext,kotlin.jvm.functions.Function2):55:55 -> onCreate
    8:18:void androidx.activity.compose.ComponentActivityKt.setContent$default(androidx.activity.ComponentActivity,androidx.compose.runtime.CompositionContext,kotlin.jvm.functions.Function2,int,java.lang.Object):51 -> onCreate
    8:18:void onCreate(android.os.Bundle):18 -> onCreate
    19:25:void androidx.activity.compose.ComponentActivityKt.setContent(androidx.activity.ComponentActivity,androidx.compose.runtime.CompositionContext,kotlin.jvm.functions.Function2):56:56 -> onCreate
    19:25:void androidx.activity.compose.ComponentActivityKt.setContent$default(androidx.activity.ComponentActivity,androidx.compose.runtime.CompositionContext,kotlin.jvm.functions.Function2,int,java.lang.Object):51 -> onCreate
    19:25:void onCreate(android.os.Bundle):18 -> onCreate
...
kotlinx.coroutines.flow.FlowKt__ReduceKt$first$3 -> h1.m:
# {"id":"sourceFile","fileName":"Reduce.kt"}
    java.lang.Object L$0 -> g
      # {"id":"com.android.tools.r8.residualsignature","signature":"LU0/e;"}
    java.lang.Object L$1 -> h
      # {"id":"com.android.tools.r8.residualsignature","signature":"LV0/o;"}
    java.lang.Object L$2 -> i
      # {"id":"com.android.tools.r8.residualsignature","signature":"Lh1/l;"}
    java.lang.Object result -> j
    int label -> k
    1:15:java.lang.Object invokeSuspend(java.lang.Object):0:0 -> f
kotlinx.coroutines.flow.FlowKt__ShareKt -> R8$$REMOVED$$CLASS$$241:
# {"id":"sourceFile","fileName":"Share.kt"}
kotlinx.coroutines.flow.FlowKt__ShareKt$launchSharing$1 -> h1.p:
# {"id":"sourceFile","fileName":"Share.kt"}
    int label -> h
    kotlinx.coroutines.flow.SharingStarted $started -> i
      # {"id":"com.android.tools.r8.residualsignature","signature":"Lh1/A;"}
    kotlinx.coroutines.flow.Flow $upstream -> j
      # {"id":"com.android.tools.r8.residualsignature","signature":"Lh1/e;"}
    kotlinx.coroutines.flow.MutableSharedFlow $shared -> k
      # {"id":"com.android.tools.r8.residualsignature","signature":"Lh1/D;"}
    java.lang.Object $initialValue -> l
      # {"id":"com.android.tools.r8.residualsignature","signature":"Ljava/lang/Float;"}
    1:13:void <init>(kotlinx.coroutines.flow.SharingStarted,kotlinx.coroutines.flow.Flow,kotlinx.coroutines.flow.MutableSharedFlow,java.lang.Object,kotlin.coroutines.Continuation):0:0 -> <init>
      # {"id":"com.android.tools.r8.residualsignature","signature":"(Lh1/A;Lh1/e;Lh1/D;Ljava/lang/Float;LN0/d;)V"}
    1:15:kotlin.coroutines.Continuation create(java.lang.Object,kotlin.coroutines.Continuation):0:0 -> b
      # {"id":"com.android.tools.r8.residualsignature","signature":"(LN0/d;Ljava/lang/Object;)LN0/d;"}
    5:53:java.lang.Object invokeSuspend(java.lang.Object):209:209 -> f
    54:59:java.lang.Object invokeSuspend(java.lang.Object):212:212 -> f
    60:69:java.lang.Object invokeSuspend(java.lang.Object):214:214 -> f
    70:74:java.lang.Object invokeSuspend(java.lang.Object):216:216 -> f
kotlinx.coroutines.flow.FlowKt__ShareKt$launchSharing$1$1 -> h1.n:
# {"id":"sourceFile","fileName":"Share.kt"}
    int I$0 -> h
    4:6:void <init>(kotlin.coroutines.Continuation):0:0 -> b
    4:6:kotlin.coroutines.Continuation create(java.lang.Object,kotlin.coroutines.Continuation):0 -> b
      # {"id":"com.android.tools.r8.residualsignature","signature":"(LN0/d;Ljava/lang/Object;)LN0/d;"}
    7:15:kotlin.coroutines.Continuation create(java.lang.Object,kotlin.coroutines.Continuation):0:0 -> b
    1:10:java.lang.Object invokeSuspend(java.lang.Object):218:218 -> f
    11:15:java.lang.Boolean kotlin.coroutines.jvm.internal.Boxing.boxBoolean(boolean):20:20 -> f
    11:15:java.lang.Object invokeSuspend(java.lang.Object):218 -> f
    9:25:java.lang.Object invoke(int,kotlin.coroutines.Continuation):0:0 -> o
    9:25:java.lang.Object invoke(java.lang.Object,java.lang.Object):0 -> o