app/build/outputs/mapping/release/usage.txt
com.example.calmcompanion.ComposableSingletons$MainActivityKt:
    public final kotlin.jvm.functions.Function2 getLambda-4$app_release()
com.example.calmcompanion.MainActivity:
    public static final int $stable
com.example.calmcompanion.MainActivityKt$MainScreenPreview$1
com.example.calmcompanion.MainActivityKt:
    public static final void MainScreenPreview(androidx.compose.runtime.Composer,int)
com.example.calmcompanion.R$color
com.example.calmcompanion.R$drawable
com.example.calmcompanion.R$mipmap
com.example.calmcompanion.R$string
com.example.calmcompanion.R$style
com.example.calmcompanion.R
com.example.calmcompanion.ComposableSingletons$MainActivityKt$lambda-1$1:
    public final void invoke$6()
com.example.calmcompanion.ComposableSingletons$MainActivityKt$lambda-2$1:
    public final void invoke$6()
com.example.calmcompanion.ComposableSingletons$MainActivityKt$lambda-3$1:
    public final void invoke$6()
com.example.calmcompanion.ComposableSingletons$MainActivityKt$lambda-4$1:
    public final void invoke$6()
com.example.calmcompanion.ComposableSingletons$MainActivityKt:
    public static final com.example.calmcompanion.ComposableSingletons$MainActivityKt INSTANCE
    public static kotlin.jvm.functions.Function2 lambda-4
    public static kotlin.jvm.functions.Function2 getLambda-1$app_release()
    public static kotlin.jvm.functions.Function2 getLambda-2$app_release()
    public static kotlin.jvm.functions.Function2 getLambda-3$app_release()
com.example.calmcompanion.MainActivity:
    static void <clinit>()
com.example.calmcompanion.MainActivityKt$MainScreen$1:
    public final synthetic int $$changed
    public final void invoke$6()
com.example.calmcompanion.ui.theme.ThemeKt$CalmCompanionTheme$1:
    public final void invoke$1()
com.example.calmcompanion.ui.theme.ThemeKt$CalmCompanionTheme$2:
    public final synthetic int $$changed
    public final synthetic int $$default
    public final void invoke$6()
...
androidx.compose.ui.text.font.FontFamilyResolverImpl$preload$2
androidx.compose.ui.text.font.FontFamilyResolverImpl:
    public java.lang.Object preload(androidx.compose.ui.text.font.FontFamily,kotlin.coroutines.Continuation)
androidx.compose.ui.text.font.FontFamilyResolver_androidKt:
    public static final androidx.compose.ui.text.font.FontFamily$Resolver createFontFamilyResolver(android.content.Context,kotlin.coroutines.CoroutineContext)
    public static final androidx.compose.ui.text.font.FontFamily$Resolver emptyCacheFontFamilyResolver(android.content.Context)
    public static final androidx.compose.runtime.State resolveAsTypeface-Wqqsr6A(androidx.compose.ui.text.font.FontFamily$Resolver,androidx.compose.ui.text.font.FontFamily,androidx.compose.ui.text.font.FontWeight,int,int)
    public static synthetic androidx.compose.runtime.State resolveAsTypeface-Wqqsr6A$default(androidx.compose.ui.text.font.FontFamily$Resolver,androidx.compose.ui.text.font.FontFamily,androidx.compose.ui.text.font.FontWeight,int,int,int,java.lang.Object)
androidx.compose.ui.text.font.FontFamilyTypefaceAdapter
androidx.compose.ui.text.font.FontKt
androidx.compose.ui.text.font.FontListFontFamily:
    private final synthetic java.util.List $$delegate_0
    public static final int $stable
    private final java.util.List fonts
    static void <clinit>()
    public void <init>(java.util.List)
    public void add(int,androidx.compose.ui.text.font.Font)
    public synthetic bridge void add(int,java.lang.Object)
    public boolean add(androidx.compose.ui.text.font.Font)
    public synthetic bridge boolean add(java.lang.Object)
    public boolean addAll(int,java.util.Collection)
    public boolean addAll(java.util.Collection)
    public void clear()
    public boolean contains(androidx.compose.ui.text.font.Font)
    public final bridge boolean contains(java.lang.Object)
    public boolean containsAll(java.util.Collection)
    public boolean equals(java.lang.Object)
    public androidx.compose.ui.text.font.Font get(int)
    public synthetic bridge java.lang.Object get(int)
    public int getSize()
    public int hashCode()
    public int indexOf(androidx.compose.ui.text.font.Font)
    public final bridge int indexOf(java.lang.Object)
    public boolean isEmpty()
    public java.util.Iterator iterator()
    public int lastIndexOf(androidx.compose.ui.text.font.Font)
    public final bridge int lastIndexOf(java.lang.Object)
    public java.util.ListIterator listIterator()
    public java.util.ListIterator listIterator(int)
    public androidx.compose.ui.text.font.Font remove(int)
androidx.compose.ui.text.font.FontListFontFamilyTypefaceAdapter$Companion:
    public final kotlinx.coroutines.CoroutineExceptionHandler getDropExceptionHandler()
    public final androidx.compose.ui.text.font.FontMatcher getFontMatcher()
androidx.compose.ui.text.font.FontListFontFamilyTypefaceAdapter$preload$2$1
androidx.compose.ui.text.font.FontListFontFamilyTypefaceAdapter$preload$3$2$1$1$1
androidx.compose.ui.text.font.FontListFontFamilyTypefaceAdapter$preload$3$2$1$1
androidx.compose.ui.text.font.FontListFontFamilyTypefaceAdapter$preload$3$2$1
androidx.compose.ui.text.font.FontListFontFamilyTypefaceAdapter$preload$3
androidx.compose.ui.text.font.FontListFontFamilyTypefaceAdapter:
    public void <init>()
    public static final synthetic androidx.compose.ui.text.font.AsyncTypefaceCache access$getAsyncTypefaceCache$p(androidx.compose.ui.text.font.FontListFontFamilyTypefaceAdapter)
    public static final synthetic kotlinx.coroutines.CoroutineExceptionHandler access$getDropExceptionHandler$cp()
    public static final synthetic androidx.compose.ui.text.font.FontMatcher access$getFontMatcher$cp()
    public final java.lang.Object preload(androidx.compose.ui.text.font.FontFamily,androidx.compose.ui.text.font.PlatformFontLoader,kotlin.coroutines.Continuation)